# JRE version: Java(TM) SE Runtime Environment (17.0.4.1+1) (build 17.0.4.1+1-LTS-2)
# Java VM: Java HotSpot(TM) 64-Bit Server VM (17.0.4.1+1-LTS-2, mixed mode, emulated-client, sharing, tiered, compressed oops, compressed class ptrs, g1 gc, windows-amd64)
GC Precious Log:
 CPUs: 4 total, 4 available
 Memory: 16269M
 Large Page Support: Disabled
 NUMA Support: Disabled
 Compressed Oops: Enabled (Zero based)
 Heap Region Size: 2M
 Heap Min Capacity: 8M
 Heap Initial Capacity: 256M
 Heap Max Capacity: 4068M
 Pre-touch: Disabled
 Parallel Workers: 4
 Concurrent Workers: 1
 Concurrent Refinement Workers: 4
 Periodic GC: Disabled
Heap:
 garbage-first heap   total 81920K, used 34170K [0x0000000701c00000, 0x0000000800000000)
  region size 2048K, 1 young (2048K), 1 survivors (2048K)
 Metaspace       used 73278K, committed 73920K, reserved 1114112K
  class space    used 10668K, committed 10944K, reserved 1048576K
GC Heap History (20 events):
Event: 2.280 GC heap after
{Heap after GC invocations=4 (full 0):
 garbage-first heap   total 262144K, used 13935K [0x0000000701c00000, 0x0000000800000000)
  region size 2048K, 4 young (8192K), 4 survivors (8192K)
 Metaspace       used 21228K, committed 21504K, reserved 1073152K
  class space    used 2881K, committed 3008K, reserved 1048576K
}
Event: 2.913 GC heap before
{Heap before GC invocations=5 (full 0):
 garbage-first heap   total 61440K, used 44655K [0x0000000701c00000, 0x0000000800000000)
  region size 2048K, 20 young (40960K), 4 survivors (8192K)
 Metaspace       used 25614K, committed 26112K, reserved 1073152K
  class space    used 3605K, committed 3840K, reserved 1048576K
}
Event: 2.926 GC heap after
{Heap after GC invocations=6 (full 0):
 garbage-first heap   total 61440K, used 16762K [0x0000000701c00000, 0x0000000800000000)
  region size 2048K, 5 young (10240K), 5 survivors (10240K)
 Metaspace       used 25614K, committed 26112K, reserved 1073152K
  class space    used 3605K, committed 3840K, reserved 1048576K
}
Event: 3.319 GC heap before
{Heap before GC invocations=6 (full 0):
 garbage-first heap   total 61440K, used 41338K [0x0000000701c00000, 0x0000000800000000)
  region size 2048K, 17 young (34816K), 5 survivors (10240K)
 Metaspace       used 29126K, committed 29568K, reserved 1081344K
  class space    used 4051K, committed 4224K, reserved 1048576K
}
Event: 3.331 GC heap after
{Heap after GC invocations=7 (full 0):
 garbage-first heap   total 61440K, used 18399K [0x0000000701c00000, 0x0000000800000000)
  region size 2048K, 3 young (6144K), 3 survivors (6144K)
 Metaspace       used 29126K, committed 29568K, reserved 1081344K
  class space    used 4051K, committed 4224K, reserved 1048576K
}
Event: 3.780 GC heap before
{Heap before GC invocations=7 (full 0):
 garbage-first heap   total 61440K, used 40927K [0x0000000701c00000, 0x0000000800000000)
  region size 2048K, 14 young (28672K), 3 survivors (6144K)
 Metaspace       used 34566K, committed 35008K, reserved 1081344K
  class space    used 4938K, committed 5184K, reserved 1048576K
}
Event: 3.786 GC heap after
{Heap after GC invocations=8 (full 0):
 garbage-first heap   total 161792K, used 19602K [0x0000000701c00000, 0x0000000800000000)
  region size 2048K, 2 young (4096K), 2 survivors (4096K)
 Metaspace       used 34566K, committed 35008K, reserved 1081344K
  class space    used 4938K, committed 5184K, reserved 1048576K
}
Event: 3.860 GC heap before
{Heap before GC invocations=8 (full 0):
 garbage-first heap   total 161792K, used 21650K [0x0000000701c00000, 0x0000000800000000)
  region size 2048K, 4 young (8192K), 2 survivors (4096K)
 Metaspace       used 35478K, committed 35968K, reserved 1081344K
  class space    used 5071K, committed 5312K, reserved 1048576K
}
Event: 3.865 GC heap after
{Heap after GC invocations=9 (full 0):
 garbage-first heap   total 161792K, used 19511K [0x0000000701c00000, 0x0000000800000000)
  region size 2048K, 2 young (4096K), 2 survivors (4096K)
 Metaspace       used 35478K, committed 35968K, reserved 1081344K
  class space    used 5071K, committed 5312K, reserved 1048576K
}
Event: 4.786 GC heap before
{Heap before GC invocations=10 (full 0):
 garbage-first heap   total 81920K, used 64567K [0x0000000701c00000, 0x0000000800000000)
  region size 2048K, 24 young (49152K), 2 survivors (4096K)
 Metaspace       used 47215K, committed 47680K, reserved 1089536K
  class space    used 6580K, committed 6784K, reserved 1048576K
}
Event: 4.792 GC heap after
{Heap after GC invocations=11 (full 0):
 garbage-first heap   total 81920K, used 22624K [0x0000000701c00000, 0x0000000800000000)
  region size 2048K, 3 young (6144K), 3 survivors (6144K)
 Metaspace       used 47215K, committed 47680K, reserved 1089536K
  class space    used 6580K, committed 6784K, reserved 1048576K
}
Event: 5.457 GC heap before
{Heap before GC invocations=12 (full 0):
 garbage-first heap   total 81920K, used 59488K [0x0000000701c00000, 0x0000000800000000)
  region size 2048K, 22 young (45056K), 3 survivors (6144K)
 Metaspace       used 55558K, committed 56064K, reserved 1097728K
  class space    used 7962K, committed 8192K, reserved 1048576K
}
Event: 5.465 GC heap after
{Heap after GC invocations=13 (full 0):
 garbage-first heap   total 81920K, used 24259K [0x0000000701c00000, 0x0000000800000000)
  region size 2048K, 1 young (2048K), 1 survivors (2048K)
 Metaspace       used 55558K, committed 56064K, reserved 1097728K
  class space    used 7962K, committed 8192K, reserved 1048576K
}
Event: 6.191 GC heap before
{Heap before GC invocations=13 (full 0):
 garbage-first heap   total 81920K, used 63171K [0x0000000701c00000, 0x0000000800000000)
  region size 2048K, 20 young (40960K), 1 survivors (2048K)
 Metaspace       used 62763K, committed 63360K, reserved 1105920K
  class space    used 9052K, committed 9344K, reserved 1048576K
}
Event: 6.197 GC heap after
{Heap after GC invocations=14 (full 0):
 garbage-first heap   total 81920K, used 27594K [0x0000000701c00000, 0x0000000800000000)
  region size 2048K, 3 young (6144K), 3 survivors (6144K)
 Metaspace       used 62763K, committed 63360K, reserved 1105920K
  class space    used 9052K, committed 9344K, reserved 1048576K
}
Event: 6.464 GC heap before
{Heap before GC invocations=14 (full 0):
 garbage-first heap   total 81920K, used 62410K [0x0000000701c00000, 0x0000000800000000)
  region size 2048K, 20 young (40960K), 3 survivors (6144K)
 Metaspace       used 65461K, committed 66112K, reserved 1105920K
  class space    used 9553K, committed 9856K, reserved 1048576K
}
Event: 6.474 GC heap after
{Heap after GC invocations=15 (full 0):
 garbage-first heap   total 81920K, used 31529K [0x0000000701c00000, 0x0000000800000000)
  region size 2048K, 3 young (6144K), 3 survivors (6144K)
 Metaspace       used 65461K, committed 66112K, reserved 1105920K
  class space    used 9553K, committed 9856K, reserved 1048576K
}
Event: 6.921 GC heap before
{Heap before GC invocations=15 (full 0):
 garbage-first heap   total 81920K, used 60201K [0x0000000701c00000, 0x0000000800000000)
  region size 2048K, 17 young (34816K), 3 survivors (6144K)
 Metaspace       used 68069K, committed 68672K, reserved 1114112K
  class space    used 9939K, committed 10240K, reserved 1048576K
}
Event: 6.927 GC heap after
{Heap after GC invocations=16 (full 0):
 garbage-first heap   total 81920K, used 32762K [0x0000000701c00000, 0x0000000800000000)
  region size 2048K, 2 young (4096K), 2 survivors (4096K)
 Metaspace       used 68069K, committed 68672K, reserved 1114112K
  class space    used 9939K, committed 10240K, reserved 1048576K
}
Event: 356.850 GC heap before
{Heap before GC invocations=16 (full 0):
 garbage-first heap   total 81920K, used 59386K [0x0000000701c00000, 0x0000000800000000)
  region size 2048K, 16 young (32768K), 2 survivors (4096K)
 Metaspace       used 73278K, committed 73920K, reserved 1114112K
  class space    used 10668K, committed 10944K, reserved 1048576K
}

