# JRE version: Java(TM) SE Runtime Environment (17.0.4.1+1) (build 17.0.4.1+1-LTS-2)
# Java VM: Java HotSpot(TM) 64-Bit Server VM (17.0.4.1+1-LTS-2, mixed mode, emulated-client, sharing, tiered, compressed oops, compressed class ptrs, g1 gc, windows-amd64)
GC Precious Log:
 CPUs: 4 total, 4 available
 Memory: 16269M
 Large Page Support: Disabled
 NUMA Support: Disabled
 Compressed Oops: Enabled (Zero based)
 Heap Region Size: 2M
 Heap Min Capacity: 8M
 Heap Initial Capacity: 256M
 Heap Max Capacity: 4068M
 Pre-touch: Disabled
 Parallel Workers: 4
 Concurrent Workers: 1
 Concurrent Refinement Workers: 4
 Periodic GC: Disabled
Heap:
 garbage-first heap   total 96256K, used 33919K [0x0000000701c00000, 0x0000000800000000)
  region size 2048K, 3 young (6144K), 3 survivors (6144K)
 Metaspace       used 67395K, committed 67968K, reserved 1114112K
  class space    used 9582K, committed 9856K, reserved 1048576K
GC Heap History (20 events):
Event: 5.094 GC heap after
{Heap after GC invocations=11 (full 0):
 garbage-first heap   total 139264K, used 19117K [0x0000000701c00000, 0x0000000800000000)
  region size 2048K, 2 young (4096K), 2 survivors (4096K)
 Metaspace       used 29948K, committed 30400K, reserved 1081344K
  class space    used 4146K, committed 4352K, reserved 1048576K
}
Event: 7.236 GC heap before
{Heap before GC invocations=11 (full 0):
 garbage-first heap   total 139264K, used 96941K [0x0000000701c00000, 0x0000000800000000)
  region size 2048K, 40 young (81920K), 2 survivors (4096K)
 Metaspace       used 35311K, committed 35776K, reserved 1081344K
  class space    used 4923K, committed 5184K, reserved 1048576K
}
Event: 7.245 GC heap after
{Heap after GC invocations=12 (full 0):
 garbage-first heap   total 139264K, used 22864K [0x0000000701c00000, 0x0000000800000000)
  region size 2048K, 4 young (8192K), 4 survivors (8192K)
 Metaspace       used 35311K, committed 35776K, reserved 1081344K
  class space    used 4923K, committed 5184K, reserved 1048576K
}
Event: 7.309 GC heap before
{Heap before GC invocations=12 (full 0):
 garbage-first heap   total 139264K, used 29008K [0x0000000701c00000, 0x0000000800000000)
  region size 2048K, 8 young (16384K), 4 survivors (8192K)
 Metaspace       used 35695K, committed 36160K, reserved 1081344K
  class space    used 4982K, committed 5248K, reserved 1048576K
}
Event: 7.317 GC heap after
{Heap after GC invocations=13 (full 0):
 garbage-first heap   total 139264K, used 23162K [0x0000000701c00000, 0x0000000800000000)
  region size 2048K, 3 young (6144K), 3 survivors (6144K)
 Metaspace       used 35695K, committed 36160K, reserved 1081344K
  class space    used 4982K, committed 5248K, reserved 1048576K
}
Event: 8.168 GC heap before
{Heap before GC invocations=14 (full 0):
 garbage-first heap   total 96256K, used 74362K [0x0000000701c00000, 0x0000000800000000)
  region size 2048K, 28 young (57344K), 3 survivors (6144K)
 Metaspace       used 40031K, committed 40576K, reserved 1089536K
  class space    used 5624K, committed 5888K, reserved 1048576K
}
Event: 8.176 GC heap after
{Heap after GC invocations=15 (full 0):
 garbage-first heap   total 96256K, used 24434K [0x0000000701c00000, 0x0000000800000000)
  region size 2048K, 3 young (6144K), 3 survivors (6144K)
 Metaspace       used 40031K, committed 40576K, reserved 1089536K
  class space    used 5624K, committed 5888K, reserved 1048576K
}
Event: 8.824 GC heap before
{Heap before GC invocations=16 (full 0):
 garbage-first heap   total 96256K, used 73586K [0x0000000701c00000, 0x0000000800000000)
  region size 2048K, 28 young (57344K), 3 survivors (6144K)
 Metaspace       used 45122K, committed 45632K, reserved 1089536K
  class space    used 6328K, committed 6592K, reserved 1048576K
}
Event: 8.832 GC heap after
{Heap after GC invocations=17 (full 0):
 garbage-first heap   total 96256K, used 25898K [0x0000000701c00000, 0x0000000800000000)
  region size 2048K, 2 young (4096K), 2 survivors (4096K)
 Metaspace       used 45122K, committed 45632K, reserved 1089536K
  class space    used 6328K, committed 6592K, reserved 1048576K
}
Event: 9.833 GC heap before
{Heap before GC invocations=17 (full 0):
 garbage-first heap   total 96256K, used 77098K [0x0000000701c00000, 0x0000000800000000)
  region size 2048K, 27 young (55296K), 2 survivors (4096K)
 Metaspace       used 50669K, committed 51200K, reserved 1097728K
  class space    used 7100K, committed 7360K, reserved 1048576K
}
Event: 9.839 GC heap after
{Heap after GC invocations=18 (full 0):
 garbage-first heap   total 96256K, used 27251K [0x0000000701c00000, 0x0000000800000000)
  region size 2048K, 3 young (6144K), 3 survivors (6144K)
 Metaspace       used 50669K, committed 51200K, reserved 1097728K
  class space    used 7100K, committed 7360K, reserved 1048576K
}
Event: 10.398 GC heap before
{Heap before GC invocations=18 (full 0):
 garbage-first heap   total 96256K, used 76403K [0x0000000701c00000, 0x0000000800000000)
  region size 2048K, 27 young (55296K), 3 survivors (6144K)
 Metaspace       used 54148K, committed 54720K, reserved 1097728K
  class space    used 7594K, committed 7872K, reserved 1048576K
}
Event: 10.405 GC heap after
{Heap after GC invocations=19 (full 0):
 garbage-first heap   total 96256K, used 28831K [0x0000000701c00000, 0x0000000800000000)
  region size 2048K, 3 young (6144K), 3 survivors (6144K)
 Metaspace       used 54148K, committed 54720K, reserved 1097728K
  class space    used 7594K, committed 7872K, reserved 1048576K
}
Event: 10.853 GC heap before
{Heap before GC invocations=19 (full 0):
 garbage-first heap   total 96256K, used 75935K [0x0000000701c00000, 0x0000000800000000)
  region size 2048K, 27 young (55296K), 3 survivors (6144K)
 Metaspace       used 59195K, committed 59712K, reserved 1105920K
  class space    used 8395K, committed 8640K, reserved 1048576K
}
Event: 10.860 GC heap after
{Heap after GC invocations=20 (full 0):
 garbage-first heap   total 96256K, used 29629K [0x0000000701c00000, 0x0000000800000000)
  region size 2048K, 2 young (4096K), 2 survivors (4096K)
 Metaspace       used 59195K, committed 59712K, reserved 1105920K
  class space    used 8395K, committed 8640K, reserved 1048576K
}
Event: 11.402 GC heap before
{Heap before GC invocations=20 (full 0):
 garbage-first heap   total 96256K, used 78781K [0x0000000701c00000, 0x0000000800000000)
  region size 2048K, 26 young (53248K), 2 survivors (4096K)
 Metaspace       used 60819K, committed 61376K, reserved 1105920K
  class space    used 8677K, committed 8960K, reserved 1048576K
}
Event: 11.407 GC heap after
{Heap after GC invocations=21 (full 0):
 garbage-first heap   total 96256K, used 30040K [0x0000000701c00000, 0x0000000800000000)
  region size 2048K, 3 young (6144K), 3 survivors (6144K)
 Metaspace       used 60819K, committed 61376K, reserved 1105920K
  class space    used 8677K, committed 8960K, reserved 1048576K
}
Event: 12.259 GC heap before
{Heap before GC invocations=21 (full 0):
 garbage-first heap   total 96256K, used 77144K [0x0000000701c00000, 0x0000000800000000)
  region size 2048K, 26 young (53248K), 3 survivors (6144K)
 Metaspace       used 65034K, committed 65664K, reserved 1105920K
  class space    used 9307K, committed 9600K, reserved 1048576K
}
Event: 12.269 GC heap after
{Heap after GC invocations=22 (full 0):
 garbage-first heap   total 96256K, used 31614K [0x0000000701c00000, 0x0000000800000000)
  region size 2048K, 3 young (6144K), 3 survivors (6144K)
 Metaspace       used 65034K, committed 65664K, reserved 1105920K
  class space    used 9307K, committed 9600K, reserved 1048576K
}
Event: 13.450 GC heap before
{Heap before GC invocations=22 (full 0):
 garbage-first heap   total 96256K, used 62334K [0x0000000701c00000, 0x0000000800000000)
  region size 2048K, 19 young (38912K), 3 survivors (6144K)
 Metaspace       used 67395K, committed 67968K, reserved 1114112K
  class space    used 9582K, committed 9856K, reserved 1048576K
}

